<?xml version="1.0" encoding="UTF-8"?>
<testsuite name="edu.asu.cse535.cse535_meseretictactoe.AiSmokeTest" tests="1" skipped="0" failures="0" errors="0" timestamp="2025-10-16T16:12:47.430Z" hostname="SANDY" time="0.01">
  <properties/>
  <testcase name="aiReturnsLegalMoveOnEmptyBoardAfterHumanCenter" classname="edu.asu.cse535.cse535_meseretictactoe.AiSmokeTest" time="0.01"/>
  <system-out><![CDATA[]]></system-out>
  <system-err><![CDATA[]]></system-err>
</testsuite>
