<?xml version="1.0" encoding="UTF-8"?>
<testsuite name="edu.asu.cse535.cse535_meseretictactoe.DifficultyTest" tests="3" skipped="0" failures="0" errors="0" timestamp="2025-10-16T16:12:47.441Z" hostname="SANDY" time="0.013">
  <properties/>
  <testcase name="hardMatchesBestMove" classname="edu.asu.cse535.cse535_meseretictactoe.DifficultyTest" time="0.003"/>
  <testcase name="easyAlwaysLegal" classname="edu.asu.cse535.cse535_meseretictactoe.DifficultyTest" time="0.003"/>
  <testcase name="mediumSometimesRandomSometimesOptimal" classname="edu.asu.cse535.cse535_meseretictactoe.DifficultyTest" time="0.007"/>
  <system-out><![CDATA[]]></system-out>
  <system-err><![CDATA[]]></system-err>
</testsuite>
